Arguments: 
  /usr/bin/node /usr/bin/yarn init

PATH: 
  /home/kkohn/.local/bin:/home/kkohn/.pyenv/plugins/pyenv-virtualenv/shims:/home/kkohn/.pyenv/bin:/home/kkohn/.local/bin:/home/kkohn/.pyenv/plugins/pyenv-virtualenv/shims:/home/kkohn/.pyenv/bin:/home/kkohn/.nvm/versions/node/v16.15.1/bin:/home/linuxbrew/.linuxbrew/bin:/home/linuxbrew/.linuxbrew/sbin:/usr/lib64/ccache:/usr/local/bin:/usr/local/sbin:/usr/bin:/usr/sbin

Yarn version: 
  1.22.19

Node version: 
  18.12.1

Platform: 
  linux x64

Trace: 
  Error: canceled
      at Interface.<anonymous> (/usr/lib/node_modules/yarn/node_modules/read/lib/read.js:66:13)
      at Interface.emit (node:events:513:28)
      at [_ttyWrite] [as _ttyWrite] (node:internal/readline/interface:1124:18)
      at ReadStream.onkeypress (node:internal/readline/interface:273:20)
      at ReadStream.emit (node:events:513:28)
      at emitKeys (node:internal/readline/utils:357:14)
      at emitKeys.next (<anonymous>)
      at ReadStream.onData (node:internal/readline/emitKeypressEvents:64:36)
      at ReadStream.emit (node:events:513:28)
      at addChunk (node:internal/streams/readable:324:12)

npm manifest: 
  {
    "name": "common",
    "version": "1.0.0",
    "description": "",
    "main": "index.js",
    "keywords": [],
    "author": "",
    "license": "ISC"
  }

yarn manifest: 
  No manifest

Lockfile: 
  No lockfile
